<?xml version="1.0" encoding="UTF-8"?>
<testng-results skipped="0" failed="0" ignored="0" total="1" passed="1">
  <reporter-output>
    <line>
      <![CDATA[Navigated to the search results page : Johnny Johnny yes papa - Google Search]]>
    </line>
  </reporter-output>
  <suite name="Suite" duration-ms="45143" started-at="2021-03-24T09:01:13Z" finished-at="2021-03-24T09:01:58Z">
    <groups>
    </groups>
    <test name="Test" duration-ms="45143" started-at="2021-03-24T09:01:13Z" finished-at="2021-03-24T09:01:58Z">
      <class name="com.google.automation.GoogleSearchScripts">
        <test-method status="PASS" signature="launchApplication()[pri:0, instance:com.google.automation.GoogleSearchScripts@4f933fd1]" name="launchApplication" is-config="true" duration-ms="37781" started-at="2021-03-24T09:01:13Z" finished-at="2021-03-24T09:01:51Z">
          <reporter-output>
          </reporter-output>
        </test-method> <!-- launchApplication -->
        <test-method status="PASS" signature="googleSearch()[pri:0, instance:com.google.automation.GoogleSearchScripts@4f933fd1]" name="googleSearch" duration-ms="5663" started-at="2021-03-24T09:01:51Z" finished-at="2021-03-24T09:01:56Z">
          <reporter-output>
            <line>
              <![CDATA[Navigated to the search results page : Johnny Johnny yes papa - Google Search]]>
            </line>
          </reporter-output>
        </test-method> <!-- googleSearch -->
        <test-method status="PASS" signature="teardown()[pri:0, instance:com.google.automation.GoogleSearchScripts@4f933fd1]" name="teardown" is-config="true" duration-ms="1661" started-at="2021-03-24T09:01:56Z" finished-at="2021-03-24T09:01:58Z">
          <reporter-output>
          </reporter-output>
        </test-method> <!-- teardown -->
      </class> <!-- com.google.automation.GoogleSearchScripts -->
    </test> <!-- Test -->
  </suite> <!-- Suite -->
</testng-results>
